<?xml version="1.0" encoding="UTF-8"?>
<!-- Generated by org.testng.reporters.JUnitReportReporter -->
<testsuite hostname="DESKTOP-QNHQCGN" failures="0" tests="1" name="org.com.runner.FirstTest" time="10.237" errors="0" timestamp="28 Sep 2021 19:33:33 GMT" skipped="0">
  <testcase classname="org.com.runner.FirstTest" name="init" time="10.237"/>
</testsuite> <!-- org.com.runner.FirstTest -->
